<?xml version="1.0" encoding="UTF-8"?>
<testsuite name="BudgetServiceTest" tests="1" skipped="0" failures="0" errors="0" timestamp="2021-11-13T08:24:50" hostname="pc27.wireless4.tku.edu.tw" time="0.011">
  <properties/>
  <testcase name="singleMonth()" classname="BudgetServiceTest" time="0.011"/>
  <system-out><![CDATA[]]></system-out>
  <system-err><![CDATA[]]></system-err>
</testsuite>
